<?xml version="1.0" encoding="UTF-8"?>
<!-- Generated by org.testng.reporters.JUnitReportReporter -->
<testsuite skipped="0" hostname="DESKTOP-ECH1G2J" name="ro.mysite.SeleniumTest" tests="2" failures="0" timestamp="25 Apr 2019 08:02:00 GMT" time="0.005" errors="0">
  <testcase name="browserAutomation" time="0.005" classname="ro.mysite.SeleniumTest"/>
  <testcase name="elementsUI" time="0.000" classname="ro.mysite.SeleniumTest"/>
</testsuite> <!-- ro.mysite.SeleniumTest -->
