<?xml version="1.0" encoding="UTF-8"?>
<!-- Generated by org.testng.reporters.JUnitReportReporter -->
<testsuite skipped="0" hostname="DESKTOP-ECH1G2J" name="ro.mysite.AppiumTest" tests="2" failures="0" timestamp="25 Apr 2019 09:46:27 GMT" time="0.014" errors="0">
  <testcase name="nativeAppIos" time="0.002" classname="ro.mysite.AppiumTest"/>
  <testcase name="nativeAppAndroid" time="0.012" classname="ro.mysite.AppiumTest"/>
</testsuite> <!-- ro.mysite.AppiumTest -->
