<?xml version="1.0" encoding="UTF-8"?>
<!-- Generated by org.testng.reporters.JUnitReportReporter -->
<testsuite skipped="0" hostname="DESKTOP-ECH1G2J" name="ro.mysite.RESTApiTest" tests="2" failures="0" timestamp="25 Apr 2019 09:46:27 GMT" time="0.002" errors="0">
  <testcase name="postJira" time="0.001" classname="ro.mysite.RESTApiTest"/>
  <testcase name="deleteTwitter" time="0.001" classname="ro.mysite.RESTApiTest"/>
</testsuite> <!-- ro.mysite.RESTApiTest -->
